0 1 has taken a fork
14 3 has taken a fork
14 3 has taken a fork
14 3 is eating
14 15 has taken a fork
14 15 has taken a fork
14 15 is eating
14 17 has taken a fork
14 17 has taken a fork
14 17 is eating
14 19 has taken a fork
14 19 has taken a fork
14 19 is eating
14 21 has taken a fork
14 21 has taken a fork
14 21 is eating
14 23 has taken a fork
14 23 has taken a fork
14 23 is eating
20 5 has taken a fork
20 7 has taken a fork
20 7 has taken a fork
20 7 is eating
20 5 has taken a fork
20 5 is eating
20 11 has taken a fork
20 11 has taken a fork
20 11 is eating
20 13 has taken a fork
20 13 has taken a fork
20 13 is eating
20 27 has taken a fork
20 27 has taken a fork
20 27 is eating
20 25 has taken a fork
20 25 has taken a fork
20 25 is eating
20 1 has taken a fork
20 1 is eating
21 9 has taken a fork
21 9 has taken a fork
21 9 is eating
21 31 has taken a fork
21 31 has taken a fork
21 31 is eating
25 32 has taken a fork
26 28 has taken a fork
30 35 has taken a fork
30 35 has taken a fork
30 35 is eating
30 37 has taken a fork
30 37 has taken a fork
30 37 is eating
30 39 has taken a fork
30 39 has taken a fork
30 39 is eating
30 43 has taken a fork
30 43 has taken a fork
30 43 is eating
30 45 has taken a fork
30 45 has taken a fork
30 45 is eating
30 47 has taken a fork
30 47 has taken a fork
30 47 is eating
30 49 has taken a fork
31 49 has taken a fork
31 49 is eating
31 51 has taken a fork
31 51 has taken a fork
31 51 is eating
31 53 has taken a fork
31 53 has taken a fork
31 53 is eating
31 55 has taken a fork
31 55 has taken a fork
31 55 is eating
31 40 has taken a fork
31 57 has taken a fork
31 57 has taken a fork
31 57 is eating
31 59 has taken a fork
31 59 has taken a fork
31 59 is eating
32 61 has taken a fork
32 61 has taken a fork
32 61 is eating
32 63 has taken a fork
32 63 has taken a fork
32 63 is eating
32 65 has taken a fork
32 65 has taken a fork
32 65 is eating
33 67 has taken a fork
33 67 has taken a fork
33 67 is eating
35 69 has taken a fork
35 69 has taken a fork
35 69 is eating
36 71 has taken a fork
36 71 has taken a fork
36 71 is eating
36 73 has taken a fork
36 73 has taken a fork
36 73 is eating
37 75 has taken a fork
37 75 has taken a fork
37 75 is eating
37 77 has taken a fork
37 77 has taken a fork
37 77 is eating
38 79 has taken a fork
38 79 has taken a fork
38 79 is eating
38 81 has taken a fork
38 81 has taken a fork
38 81 is eating
39 83 has taken a fork
39 83 has taken a fork
39 83 is eating
39 85 has taken a fork
39 85 has taken a fork
39 85 is eating
39 87 has taken a fork
39 87 has taken a fork
39 87 is eating
40 89 has taken a fork
40 89 has taken a fork
40 89 is eating
40 91 has taken a fork
40 91 has taken a fork
40 91 is eating
41 95 has taken a fork
41 95 has taken a fork
41 95 is eating
42 97 has taken a fork
42 97 has taken a fork
42 97 is eating
42 93 has taken a fork
42 93 has taken a fork
42 93 is eating
42 99 has taken a fork
42 99 has taken a fork
42 99 is eating
42 101 has taken a fork
42 101 has taken a fork
42 101 is eating
43 103 has taken a fork
43 103 has taken a fork
43 103 is eating
43 105 has taken a fork
43 105 has taken a fork
43 105 is eating
44 107 has taken a fork
44 107 has taken a fork
44 107 is eating
44 109 has taken a fork
44 109 has taken a fork
44 109 is eating
44 111 has taken a fork
44 111 has taken a fork
44 111 is eating
45 113 has taken a fork
45 113 has taken a fork
45 113 is eating
45 115 has taken a fork
45 115 has taken a fork
45 115 is eating
45 117 has taken a fork
45 117 has taken a fork
45 117 is eating
46 119 has taken a fork
46 119 has taken a fork
46 119 is eating
46 121 has taken a fork
46 121 has taken a fork
46 121 is eating
47 123 has taken a fork
47 123 has taken a fork
47 123 is eating
47 125 has taken a fork
47 125 has taken a fork
47 125 is eating
48 127 has taken a fork
48 127 has taken a fork
48 127 is eating
48 129 has taken a fork
48 129 has taken a fork
48 129 is eating
49 131 has taken a fork
49 131 has taken a fork
49 131 is eating
49 133 has taken a fork
49 133 has taken a fork
49 133 is eating
60 137 has taken a fork
60 137 has taken a fork
60 137 is eating
60 139 has taken a fork
60 139 has taken a fork
60 139 is eating
60 141 has taken a fork
60 141 has taken a fork
60 141 is eating
60 143 has taken a fork
60 143 has taken a fork
60 143 is eating
60 145 has taken a fork
60 145 has taken a fork
60 145 is eating
61 147 has taken a fork
61 147 has taken a fork
61 147 is eating
61 151 has taken a fork
61 151 has taken a fork
61 151 is eating
62 135 has taken a fork
62 135 has taken a fork
62 135 is eating
62 153 has taken a fork
62 153 has taken a fork
62 153 is eating
62 149 has taken a fork
62 149 has taken a fork
62 149 is eating
62 155 has taken a fork
62 155 has taken a fork
62 155 is eating
62 157 has taken a fork
62 157 has taken a fork
62 157 is eating
62 159 has taken a fork
62 159 has taken a fork
62 159 is eating
62 163 has taken a fork
62 163 has taken a fork
62 163 is eating
62 165 has taken a fork
62 165 has taken a fork
62 165 is eating
63 167 has taken a fork
63 167 has taken a fork
63 167 is eating
63 169 has taken a fork
63 169 has taken a fork
63 169 is eating
63 161 has taken a fork
63 161 has taken a fork
63 161 is eating
63 173 has taken a fork
63 173 has taken a fork
63 173 is eating
63 175 has taken a fork
63 175 has taken a fork
63 175 is eating
64 183 has taken a fork
64 183 has taken a fork
64 183 is eating
64 170 has taken a fork
64 185 has taken a fork
64 185 has taken a fork
64 185 is eating
64 179 has taken a fork
64 179 has taken a fork
64 179 is eating
64 181 has taken a fork
64 181 has taken a fork
64 181 is eating
65 187 has taken a fork
65 187 has taken a fork
65 187 is eating
65 177 has taken a fork
75 177 has taken a fork
75 177 is eating
75 189 has taken a fork
75 189 has taken a fork
75 189 is eating
75 191 has taken a fork
75 191 has taken a fork
75 191 is eating
75 193 has taken a fork
75 193 has taken a fork
75 193 is eating
75 195 has taken a fork
75 195 has taken a fork
75 195 is eating
75 197 has taken a fork
75 197 has taken a fork
75 197 is eating
76 198 has taken a fork
214 23 is sleeping
214 22 has taken a fork
214 20 has taken a fork
214 22 has taken a fork
214 22 is eating
214 21 is sleeping
214 18 has taken a fork
215 20 has taken a fork
215 20 is eating
215 19 is sleeping
215 16 has taken a fork
215 18 has taken a fork
215 18 is eating
215 17 is sleeping
215 3 is sleeping
215 2 has taken a fork
215 14 has taken a fork
215 15 is sleeping
215 16 has taken a fork
215 16 is eating
220 7 is sleeping
221 27 is sleeping
221 26 has taken a fork
221 1 is sleeping
221 2 has taken a fork
221 2 is eating
221 199 has taken a fork
221 6 has taken a fork
221 31 is sleeping
221 30 has taken a fork
221 30 has taken a fork
221 30 is eating
221 32 has taken a fork
221 32 is eating
221 9 is sleeping
222 8 has taken a fork
222 8 has taken a fork
222 8 is eating
222 5 is sleeping
222 4 has taken a fork
222 4 has taken a fork
222 4 is eating
222 6 has taken a fork
222 6 is eating
222 11 is sleeping
222 10 has taken a fork
222 10 has taken a fork
222 10 is eating
222 12 has taken a fork
222 12 has taken a fork
222 12 is eating
222 14 has taken a fork
222 14 is eating
222 13 is sleeping
223 25 is sleeping
223 26 has taken a fork
223 26 is eating
223 28 has taken a fork
223 28 is eating
223 24 has taken a fork
223 24 has taken a fork
223 24 is eating
230 35 is sleeping
230 34 has taken a fork
230 34 has taken a fork
230 34 is eating
230 37 is sleeping
230 39 is sleeping
230 40 has taken a fork
230 40 is eating
230 43 is sleeping
230 42 has taken a fork
230 42 has taken a fork
230 42 is eating
230 47 is sleeping
230 46 has taken a fork
230 38 has taken a fork
230 38 has taken a fork
230 38 is eating
231 45 is sleeping
231 46 has taken a fork
231 46 is eating
231 44 has taken a fork
231 44 has taken a fork
231 44 is eating
231 49 is sleeping
231 48 has taken a fork
231 48 has taken a fork
231 48 is eating
231 53 is sleeping
231 52 has taken a fork
231 36 has taken a fork
231 36 has taken a fork
231 36 is eating
231 51 is sleeping
231 55 is sleeping
232 59 is sleeping
232 50 has taken a fork
232 61 is sleeping
232 50 has taken a fork
232 50 is eating
232 60 has taken a fork
232 60 has taken a fork
232 60 is eating
232 63 is sleeping
232 65 is sleeping
232 54 has taken a fork
232 54 has taken a fork
232 54 is eating
232 57 is sleeping
232 56 has taken a fork
232 56 has taken a fork
232 56 is eating
232 52 has taken a fork
232 52 is eating
232 62 has taken a fork
232 62 has taken a fork
232 62 is eating
233 58 has taken a fork
233 58 has taken a fork
233 58 is eating
233 64 has taken a fork
233 64 has taken a fork
233 64 is eating
234 67 is sleeping
234 66 has taken a fork
234 66 has taken a fork
234 66 is eating
235 69 is sleeping
235 68 has taken a fork
235 68 has taken a fork
235 68 is eating
236 71 is sleeping
236 70 has taken a fork
236 70 has taken a fork
236 70 is eating
236 73 is sleeping
237 72 has taken a fork
237 72 has taken a fork
237 72 is eating
237 75 is sleeping
237 74 has taken a fork
237 74 has taken a fork
237 74 is eating
238 77 is sleeping
238 76 has taken a fork
238 76 has taken a fork
238 76 is eating
238 79 is sleeping
238 78 has taken a fork
238 78 has taken a fork
238 78 is eating
238 81 is sleeping
238 80 has taken a fork
238 80 has taken a fork
238 80 is eating
239 83 is sleeping
239 82 has taken a fork
239 82 has taken a fork
239 82 is eating
239 85 is sleeping
239 84 has taken a fork
239 84 has taken a fork
239 84 is eating
239 87 is sleeping
239 86 has taken a fork
239 86 has taken a fork
239 86 is eating
240 89 is sleeping
240 88 has taken a fork
240 88 has taken a fork
240 88 is eating
240 91 is sleeping
241 90 has taken a fork
241 90 has taken a fork
241 90 is eating
241 95 is sleeping
241 94 has taken a fork
242 97 is sleeping
242 96 has taken a fork
242 96 has taken a fork
242 96 is eating
242 93 is sleeping
242 94 has taken a fork
242 94 is eating
242 92 has taken a fork
242 92 has taken a fork
242 92 is eating
242 99 is sleeping
242 98 has taken a fork
242 98 has taken a fork
242 98 is eating
243 101 is sleeping
243 100 has taken a fork
243 100 has taken a fork
243 100 is eating
243 103 is sleeping
243 102 has taken a fork
243 102 has taken a fork
243 102 is eating
244 105 is sleeping
244 104 has taken a fork
244 104 has taken a fork
244 104 is eating
244 107 is sleeping
244 106 has taken a fork
244 106 has taken a fork
244 106 is eating
244 109 is sleeping
244 108 has taken a fork
244 108 has taken a fork
244 108 is eating
244 111 is sleeping
245 110 has taken a fork
245 110 has taken a fork
245 110 is eating
245 113 is sleeping
245 112 has taken a fork
245 112 has taken a fork
245 112 is eating
245 115 is sleeping
245 114 has taken a fork
245 114 has taken a fork
245 114 is eating
246 117 is sleeping
246 116 has taken a fork
246 116 has taken a fork
246 116 is eating
246 119 is sleeping
246 118 has taken a fork
246 118 has taken a fork
246 118 is eating
246 121 is sleeping
247 120 has taken a fork
247 120 has taken a fork
247 120 is eating
247 123 is sleeping
247 122 has taken a fork
247 122 has taken a fork
247 122 is eating
247 125 is sleeping
248 124 has taken a fork
248 124 has taken a fork
248 124 is eating
254 127 is sleeping
254 126 has taken a fork
254 126 has taken a fork
254 126 is eating
254 131 is sleeping
255 129 is sleeping
255 130 has taken a fork
255 130 has taken a fork
255 130 is eating
255 132 has taken a fork
255 132 has taken a fork
255 132 is eating
255 128 has taken a fork
255 128 has taken a fork
255 128 is eating
255 133 is sleeping
264 161 is sleeping
264 159 is sleeping
267 160 has taken a fork
267 160 has taken a fork
267 160 is eating
267 163 is sleeping
267 167 is sleeping
268 165 is sleeping
268 183 is sleeping
268 169 is sleeping
277 155 is sleeping
278 185 is sleeping
278 149 is sleeping
278 153 is sleeping
278 162 has taken a fork
278 162 has taken a fork
278 162 is eating
278 166 has taken a fork
278 166 has taken a fork
278 166 is eating
278 181 is sleeping
278 164 has taken a fork
278 164 has taken a fork
278 164 is eating
278 191 is sleeping
278 182 has taken a fork
278 182 has taken a fork
278 182 is eating
278 168 has taken a fork
278 168 has taken a fork
278 168 is eating
278 195 is sleeping
278 170 has taken a fork
278 170 is eating
278 189 is sleeping
278 135 is sleeping
278 186 has taken a fork
278 186 has taken a fork
278 184 has taken a fork
278 186 is eating
278 184 has taken a fork
278 184 is eating
278 192 has taken a fork
278 192 has taken a fork
278 192 is eating
278 197 is sleeping
278 180 has taken a fork
278 193 is sleeping
278 194 has taken a fork
278 194 has taken a fork
278 194 is eating
278 190 has taken a fork
278 190 has taken a fork
278 190 is eating
278 187 is sleeping
278 196 has taken a fork
278 196 has taken a fork
278 196 is eating
278 198 has taken a fork
278 198 is eating
278 188 has taken a fork
278 188 has taken a fork
278 188 is eating
278 134 has taken a fork
278 134 has taken a fork
278 134 is eating
278 158 has taken a fork
278 179 is sleeping
279 180 has taken a fork
279 180 is eating
279 178 has taken a fork
279 156 has taken a fork
279 156 has taken a fork
279 156 is eating
279 178 has taken a fork
279 178 is eating
279 177 is sleeping
279 139 is sleeping
279 138 has taken a fork
279 176 has taken a fork
280 143 is sleeping
280 142 has taken a fork
280 145 is sleeping
280 144 has taken a fork
280 144 has taken a fork
280 144 is eating
280 147 is sleeping
280 146 has taken a fork
280 146 has taken a fork
280 146 is eating
280 140 has taken a fork
280 140 has taken a fork
280 140 is eating
281 141 is sleeping
281 142 has taken a fork
281 142 is eating
281 151 is sleeping
281 150 has taken a fork
281 150 has taken a fork
281 150 is eating
281 136 has taken a fork
281 136 has taken a fork
281 136 is eating
281 137 is sleeping
282 138 has taken a fork
282 138 is eating
282 173 is sleeping
282 172 has taken a fork
282 172 has taken a fork
282 172 is eating
282 174 has taken a fork
282 174 has taken a fork
282 174 is eating
282 175 is sleeping
282 154 has taken a fork
282 154 has taken a fork
282 154 is eating
282 152 has taken a fork
282 152 has taken a fork
282 152 is eating
282 148 has taken a fork
282 148 has taken a fork
282 148 is eating
282 176 has taken a fork
282 176 is eating
282 157 is sleeping
283 158 has taken a fork
283 158 is eating
415 18 is sleeping
415 22 is sleeping
415 17 is thinking
415 19 is thinking
415 20 is sleeping
415 23 is thinking
415 21 is thinking
416 3 is thinking
416 15 is thinking
416 16 is sleeping
416 17 has taken a fork
416 17 has taken a fork
416 17 is eating
416 23 has taken a fork
416 19 has taken a fork
416 19 has taken a fork
416 19 is eating
416 21 has taken a fork
416 21 has taken a fork
416 21 is eating
421 7 is thinking
421 27 is thinking
421 1 is thinking
421 2 is sleeping
421 3 has taken a fork
422 31 is thinking
422 32 is sleeping
422 30 is sleeping
422 9 is thinking
422 33 has taken a fork
422 4 is sleeping
422 3 has taken a fork
422 3 is eating
424 8 is sleeping
424 10 is sleeping
424 12 is sleeping
424 26 is sleeping
424 9 has taken a fork
424 9 has taken a fork
424 9 is eating
425 14 is sleeping
425 15 has taken a fork
425 15 has taken a fork
425 15 is eating
425 5 is thinking
425 25 is thinking
425 6 is sleeping
425 7 has taken a fork
425 7 has taken a fork
425 7 is eating
425 13 is thinking
427 13 has taken a fork
427 13 has taken a fork
427 13 is eating
427 24 is sleeping
427 25 has taken a fork
427 25 has taken a fork
427 25 is eating
427 11 is thinking
427 23 has taken a fork
427 23 is eating
428 5 has taken a fork
428 5 has taken a fork
428 5 is eating
428 31 has taken a fork
428 31 has taken a fork
428 31 is eating
428 27 has taken a fork
428 27 has taken a fork
428 27 is eating
428 29 has taken a fork
428 29 has taken a fork
428 29 is eating
429 28 is sleeping
429 11 has taken a fork
429 11 has taken a fork
429 11 is eating
430 35 is thinking
430 37 is thinking
430 39 is thinking
430 43 is thinking
431 34 is sleeping
431 38 is sleeping
431 33 has taken a fork
431 33 is eating
431 45 is thinking
431 40 is sleeping
431 42 is sleeping
431 49 is thinking
431 46 is sleeping
431 41 has taken a fork
431 41 has taken a fork
431 41 is eating
431 35 has taken a fork
431 44 is sleeping
431 43 has taken a fork
432 43 has taken a fork
432 43 is eating
432 53 is thinking
432 39 has taken a fork
432 39 has taken a fork
432 39 is eating
432 59 is thinking
432 47 is thinking
432 61 is thinking
432 45 has taken a fork
432 45 has taken a fork
432 45 is eating
432 48 is sleeping
433 63 is thinking
433 65 is thinking
433 52 is sleeping
433 54 is sleeping
433 53 has taken a fork
433 53 has taken a fork
433 53 is eating
433 51 is thinking
433 57 is thinking
433 36 is sleeping
433 56 is sleeping
433 47 has taken a fork
433 47 has taken a fork
433 47 is eating
433 60 is sleeping
434 37 has taken a fork
434 37 has taken a fork
434 37 is eating
434 58 is sleeping
434 64 is sleeping
434 62 is sleeping
434 67 is thinking
434 63 has taken a fork
434 63 has taken a fork
434 63 is eating
434 61 has taken a fork
434 61 has taken a fork
434 61 is eating
434 65 has taken a fork
434 55 is thinking
434 49 has taken a fork
434 59 has taken a fork
434 59 has taken a fork
434 59 is eating
434 35 has taken a fork
434 35 is eating
434 49 has taken a fork
434 49 is eating
434 50 is sleeping
435 66 is sleeping
435 65 has taken a fork
435 65 is eating
435 51 has taken a fork
435 51 has taken a fork
435 51 is eating
435 57 has taken a fork
435 57 has taken a fork
435 57 is eating
435 69 is thinking
435 67 has taken a fork
435 68 is sleeping
435 55 has taken a fork
435 55 has taken a fork
435 55 is eating
436 67 has taken a fork
436 67 is eating
436 71 is thinking
436 70 is sleeping
436 69 has taken a fork
436 69 has taken a fork
436 69 is eating
437 71 has taken a fork
437 73 is thinking
437 72 is sleeping
438 71 has taken a fork
438 71 is eating
438 75 is thinking
438 74 is sleeping
438 78 is sleeping
438 79 is thinking
438 76 is sleeping
438 77 is thinking
438 73 has taken a fork
438 73 has taken a fork
438 73 is eating
439 80 is sleeping
439 81 is thinking
439 75 has taken a fork
439 75 has taken a fork
439 75 is eating
439 79 has taken a fork
439 79 has taken a fork
439 79 is eating
439 82 is sleeping
440 81 has taken a fork
440 81 has taken a fork
440 81 is eating
440 85 is thinking
440 83 is thinking
440 77 has taken a fork
440 77 has taken a fork
440 77 is eating
440 84 is sleeping
440 89 is thinking
441 87 is thinking
441 88 is sleeping
441 86 is sleeping
441 90 is sleeping
441 91 is thinking
441 85 has taken a fork
441 85 has taken a fork
441 85 is eating
441 83 has taken a fork
441 83 has taken a fork
441 83 is eating
442 95 is thinking
442 89 has taken a fork
442 89 has taken a fork
442 89 is eating
442 87 has taken a fork
442 87 has taken a fork
442 87 is eating
442 97 is thinking
442 91 has taken a fork
442 96 is sleeping
442 93 is thinking
442 94 is sleeping
442 91 has taken a fork
442 91 is eating
442 92 is sleeping
442 99 is thinking
443 101 is thinking
443 98 is sleeping
443 95 has taken a fork
443 95 has taken a fork
443 95 is eating
443 100 is sleeping
443 97 has taken a fork
443 97 has taken a fork
443 97 is eating
443 93 has taken a fork
443 93 has taken a fork
443 93 is eating
444 102 is sleeping
444 105 is thinking
444 103 is thinking
444 104 is sleeping
444 101 has taken a fork
444 101 has taken a fork
444 101 is eating
444 99 has taken a fork
444 99 has taken a fork
444 99 is eating
444 107 is thinking
444 106 is sleeping
444 108 is sleeping
445 109 is thinking
445 103 has taken a fork
445 103 has taken a fork
445 103 is eating
445 105 has taken a fork
445 105 has taken a fork
445 105 is eating
445 112 is sleeping
445 111 is thinking
445 113 is thinking
445 110 is sleeping
445 107 has taken a fork
445 107 has taken a fork
445 107 is eating
450 118 is sleeping
450 115 is thinking
450 120 is sleeping
450 123 is thinking
450 125 is thinking
450 119 is thinking
450 111 has taken a fork
450 111 has taken a fork
450 111 is eating
450 116 is sleeping
450 113 has taken a fork
450 109 has taken a fork
450 109 has taken a fork
450 109 is eating
450 114 is sleeping
450 122 is sleeping
450 117 is thinking
450 121 is thinking
450 113 has taken a fork
450 113 is eating
450 124 is sleeping
451 125 has taken a fork
451 119 has taken a fork
451 119 has taken a fork
451 119 is eating
451 123 has taken a fork
451 123 has taken a fork
451 123 is eating
451 117 has taken a fork
451 117 has taken a fork
451 117 is eating
452 115 has taken a fork
452 115 has taken a fork
452 115 is eating
452 121 has taken a fork
452 121 has taken a fork
452 121 is eating
454 125 has taken a fork
454 125 is eating
454 126 is sleeping
454 127 is thinking
455 131 is thinking
455 129 is thinking
455 130 is sleeping
455 132 is sleeping
455 128 is sleeping
455 127 has taken a fork
455 127 has taken a fork
455 127 is eating
455 133 is thinking
456 131 has taken a fork
456 131 has taken a fork
456 131 is eating
456 129 has taken a fork
456 129 has taken a fork
456 129 is eating
457 133 has taken a fork
464 159 is thinking
464 161 is thinking
467 160 is sleeping
468 161 has taken a fork
468 167 is thinking
468 163 is thinking
468 183 is thinking
468 169 is thinking
468 165 is thinking
478 164 is sleeping
478 182 is sleeping
478 183 has taken a fork
478 170 is sleeping
478 184 is sleeping
478 183 has taken a fork
478 183 is eating
478 135 is thinking
478 168 is sleeping
478 166 is sleeping
478 169 has taken a fork
478 169 has taken a fork
478 169 is eating
478 162 is sleeping
478 194 is sleeping
478 165 has taken a fork
478 165 has taken a fork
478 165 is eating
478 163 has taken a fork
478 163 has taken a fork
478 163 is eating
478 187 is thinking
478 185 is thinking
478 181 is thinking
478 153 is thinking
478 195 is thinking
479 186 is sleeping
479 149 is thinking
479 167 has taken a fork
479 167 has taken a fork
479 167 is eating
479 197 is thinking
479 180 is sleeping
479 179 is thinking
479 185 has taken a fork
479 185 has taken a fork
479 187 has taken a fork
479 185 is eating
479 181 has taken a fork
479 181 has taken a fork
479 181 is eating
479 139 is thinking
479 195 has taken a fork
480 190 is sleeping
480 196 is sleeping
480 195 has taken a fork
480 195 is eating
480 197 has taken a fork
480 188 is sleeping
480 143 is thinking
480 187 has taken a fork
480 187 is eating
480 198 is sleeping
480 197 has taken a fork
480 197 is eating
480 199 has taken a fork
480 199 is eating
480 156 is sleeping
480 145 is thinking
480 144 is sleeping
480 177 is thinking
481 147 is thinking
481 146 is sleeping
481 140 is sleeping
481 142 is sleeping
481 133 has taken a fork
481 133 is eating
482 136 is sleeping
482 151 is thinking
482 145 has taken a fork
482 145 has taken a fork
482 145 is eating
482 147 has taken a fork
482 150 is sleeping
482 143 has taken a fork
482 143 has taken a fork
482 143 is eating
482 138 is sleeping
482 139 has taken a fork
482 139 has taken a fork
482 139 is eating
482 141 is thinking
482 137 is thinking
482 173 is thinking
482 134 is sleeping
482 192 is sleeping
482 193 is thinking
482 171 has taken a fork
482 154 is sleeping
483 135 has taken a fork
483 135 has taken a fork
483 178 is sleeping
483 135 is eating
483 161 has taken a fork
483 161 is eating
483 155 is thinking
483 177 has taken a fork
483 177 has taken a fork
483 177 is eating
483 176 is sleeping
483 172 is sleeping
483 171 has taken a fork
483 171 is eating
483 174 is sleeping
483 189 is thinking
483 191 is thinking
483 158 is sleeping
483 159 has taken a fork
483 159 has taken a fork
483 159 is eating
483 179 has taken a fork
483 179 has taken a fork
483 179 is eating
484 152 is sleeping
484 151 has taken a fork
484 151 has taken a fork
484 151 is eating
484 157 is thinking
484 137 has taken a fork
484 137 has taken a fork
484 137 is eating
484 193 has taken a fork
484 173 has taken a fork
484 193 has taken a fork
484 173 has taken a fork
484 193 is eating
484 173 is eating
484 175 is thinking
484 155 has taken a fork
484 155 has taken a fork
484 155 is eating
484 141 has taken a fork
484 141 has taken a fork
484 141 is eating
484 148 is sleeping
484 153 has taken a fork
484 153 has taken a fork
484 153 is eating
484 149 has taken a fork
485 149 has taken a fork
485 149 is eating
485 189 has taken a fork
485 189 has taken a fork
485 189 is eating
485 191 has taken a fork
485 191 has taken a fork
485 191 is eating
485 157 has taken a fork
485 157 has taken a fork
485 157 is eating
485 175 has taken a fork
485 175 has taken a fork
485 175 is eating
485 147 has taken a fork
485 147 is eating
615 20 is thinking
615 22 is thinking
615 18 is thinking
616 16 is thinking
616 19 is sleeping
616 21 is sleeping
616 18 has taken a fork
617 17 is sleeping
617 18 has taken a fork
617 18 is eating
617 20 has taken a fork
617 20 has taken a fork
617 20 is eating
617 16 has taken a fork
621 2 is thinking
622 32 is thinking
622 30 is thinking
623 4 is thinking
623 3 is sleeping
623 2 has taken a fork
623 2 has taken a fork
623 2 is eating
624 10 is thinking
624 12 is thinking
624 26 is thinking
624 9 is sleeping
625 14 is thinking
625 15 is sleeping
625 8 is thinking
625 16 has taken a fork
625 16 is eating
625 7 is sleeping
625 6 is thinking
626 14 has taken a fork
626 8 has taken a fork
626 8 has taken a fork
626 8 is eating
626 6 has taken a fork
627 13 is sleeping
627 14 has taken a fork
627 14 is eating
627 23 is sleeping
627 22 has taken a fork
627 25 is sleeping
627 22 has taken a fork
627 22 is eating
628 24 is thinking
628 12 has taken a fork
628 4 has taken a fork
628 4 has taken a fork
628 4 is eating
628 31 is sleeping
628 30 has taken a fork
628 5 is sleeping
628 6 has taken a fork
628 6 is eating
628 27 is sleeping
629 28 is thinking
629 26 has taken a fork
629 26 has taken a fork
629 26 is eating
629 24 has taken a fork
629 24 has taken a fork
629 24 is eating
629 29 is sleeping
629 11 is sleeping
629 10 has taken a fork
629 10 has taken a fork
629 10 is eating
629 30 has taken a fork
629 30 is eating
629 12 has taken a fork
629 12 is eating
630 28 has taken a fork
630 28 has taken a fork
630 28 is eating
631 34 is thinking
631 33 is sleeping
631 32 has taken a fork
631 32 has taken a fork
631 32 is eating
631 38 is thinking
631 40 is thinking
631 42 is thinking
631 46 is thinking
631 41 is sleeping
632 44 is thinking
632 39 is sleeping
632 43 is sleeping
632 38 has taken a fork
632 45 is sleeping
632 48 is thinking
633 52 is thinking
633 42 has taken a fork
633 42 has taken a fork
633 42 is eating
633 44 has taken a fork
633 44 has taken a fork
633 44 is eating
633 40 has taken a fork
633 54 is thinking
633 40 has taken a fork
633 40 is eating
634 53 is sleeping
634 60 is thinking
634 58 is thinking
634 56 is thinking
634 37 is sleeping
634 47 is sleeping
634 62 is thinking
634 52 has taken a fork
634 61 is sleeping
634 35 is sleeping
634 34 has taken a fork
634 34 has taken a fork
634 34 is eating
634 59 is sleeping
635 49 is sleeping
635 50 is thinking
635 48 has taken a fork
635 48 has taken a fork
635 48 is eating
635 65 is sleeping
635 58 has taken a fork
635 46 has taken a fork
635 38 has taken a fork
635 38 is eating
635 36 is thinking
635 46 has taken a fork
635 46 is eating
635 68 is thinking
636 55 is sleeping
636 57 is sleeping
636 56 has taken a fork
636 56 has taken a fork
636 56 is eating
636 58 has taken a fork
636 58 is eating
636 64 is thinking
636 70 is thinking
637 36 has taken a fork
637 36 has taken a fork
637 36 is eating
637 51 is sleeping
637 60 has taken a fork
637 60 has taken a fork
637 60 is eating
637 50 has taken a fork
637 50 has taken a fork
637 52 has taken a fork
637 50 is eating
637 52 is eating
637 67 is sleeping
637 64 has taken a fork
638 70 has taken a fork
638 71 is sleeping
638 78 is thinking
639 74 is thinking
639 66 is thinking
639 69 is sleeping
639 70 has taken a fork
639 72 is thinking
639 70 is eating
639 76 is thinking
639 73 is sleeping
639 54 has taken a fork
639 54 has taken a fork
639 54 is eating
639 68 has taken a fork
639 68 has taken a fork
639 68 is eating
639 80 is thinking
639 63 is sleeping
639 62 has taken a fork
639 64 has taken a fork
639 64 is eating
639 75 is sleeping
639 62 has taken a fork
639 62 is eating
639 79 is sleeping
640 78 has taken a fork
640 72 has taken a fork
640 72 has taken a fork
640 72 is eating
640 66 has taken a fork
640 66 has taken a fork
640 66 is eating
640 81 is sleeping
640 82 is thinking
640 80 has taken a fork
640 80 has taken a fork
640 80 is eating
640 74 has taken a fork
640 74 has taken a fork
640 74 is eating
641 84 is thinking
641 76 has taken a fork
641 76 has taken a fork
641 76 is eating
641 88 is thinking
641 78 has taken a fork
641 78 is eating
641 86 is thinking
641 77 is sleeping
641 90 is thinking
641 85 is sleeping
641 83 is sleeping
642 84 has taken a fork
642 84 has taken a fork
642 84 is eating
642 82 has taken a fork
642 82 has taken a fork
642 82 is eating
642 89 is sleeping
642 88 has taken a fork
642 96 is thinking
642 87 is sleeping
642 88 has taken a fork
642 88 is eating
642 94 is thinking
643 92 is thinking
643 91 is sleeping
643 86 has taken a fork
643 86 has taken a fork
643 86 is eating
643 90 has taken a fork
643 90 has taken a fork
643 90 is eating
643 95 is sleeping
643 100 is thinking
643 97 is sleeping
643 98 is thinking
643 93 is sleeping
643 96 has taken a fork
643 96 has taken a fork
643 96 is eating
643 94 has taken a fork
643 94 has taken a fork
643 94 is eating
644 102 is thinking
644 92 has taken a fork
644 92 has taken a fork
644 92 is eating
644 101 is sleeping
644 106 is thinking
644 99 is sleeping
644 104 is thinking
644 100 has taken a fork
644 100 has taken a fork
644 100 is eating
645 98 has taken a fork
645 98 has taken a fork
645 98 is eating
645 108 is thinking
645 112 is thinking
645 105 is sleeping
645 103 is sleeping
645 102 has taken a fork
645 102 has taken a fork
645 102 is eating
645 110 is thinking
646 104 has taken a fork
646 104 has taken a fork
646 104 is eating
646 107 is sleeping
646 106 has taken a fork
646 106 has taken a fork
646 106 is eating
650 120 is thinking
650 111 is sleeping
650 109 is sleeping
650 108 has taken a fork
650 108 has taken a fork
650 108 is eating
650 122 is thinking
650 114 is thinking
650 118 is thinking
650 110 has taken a fork
650 110 has taken a fork
650 110 is eating
650 116 is thinking
650 113 is sleeping
650 112 has taken a fork
650 112 has taken a fork
650 112 is eating
650 124 is thinking
651 119 is sleeping
651 118 has taken a fork
652 115 is sleeping
652 114 has taken a fork
652 114 has taken a fork
652 114 is eating
652 123 is sleeping
652 116 has taken a fork
652 116 has taken a fork
652 116 is eating
652 117 is sleeping
653 118 has taken a fork
653 118 is eating
654 124 has taken a fork
654 124 has taken a fork
654 124 is eating
654 125 is sleeping
656 127 is sleeping
656 132 is thinking
656 131 is sleeping
657 129 is sleeping
658 126 is thinking
658 130 is thinking
658 128 is thinking
658 121 is sleeping
658 120 has taken a fork
658 120 has taken a fork
658 120 is eating
658 122 has taken a fork
658 122 has taken a fork
658 122 is eating
659 126 has taken a fork
659 126 has taken a fork
659 126 is eating
659 130 has taken a fork
659 130 has taken a fork
659 130 is eating
659 128 has taken a fork
659 128 has taken a fork
659 128 is eating
677 160 is thinking
678 168 is thinking
678 166 is thinking
678 184 is thinking
678 165 is sleeping
678 162 is thinking
678 182 is thinking
679 164 is thinking
679 163 is sleeping
680 162 has taken a fork
680 190 is thinking
680 194 is thinking
681 169 is sleeping
681 168 has taken a fork
681 140 is thinking
681 183 is sleeping
681 182 has taken a fork
681 199 is sleeping
681 146 is thinking
681 198 is thinking
682 1 has taken a fork
682 180 is thinking
682 185 is sleeping
682 145 is sleeping
682 150 is thinking
682 184 has taken a fork
682 184 has taken a fork
682 184 is eating
682 143 is sleeping
682 139 is sleeping
682 166 has taken a fork
682 166 has taken a fork
682 166 is eating
682 164 has taken a fork
682 164 has taken a fork
682 164 is eating
682 196 is thinking
682 188 is thinking
682 167 is sleeping
682 168 has taken a fork
682 168 is eating
683 192 is thinking
683 198 has taken a fork
683 177 is sleeping
683 176 is thinking
683 187 is sleeping
683 154 is thinking
683 135 is sleeping
683 170 is thinking
683 181 is sleeping
683 195 is sleeping
683 180 has taken a fork
683 194 has taken a fork
683 197 is sleeping
683 144 is thinking
683 142 is thinking
683 133 is sleeping
683 136 is thinking
683 138 is thinking
683 172 is thinking
683 156 is thinking
683 132 has taken a fork
683 186 is thinking
683 132 has taken a fork
683 132 is eating
683 174 is thinking
684 158 is thinking
684 159 is sleeping
684 179 is sleeping
684 180 has taken a fork
684 180 is eating
684 176 has taken a fork
684 193 is sleeping
684 192 has taken a fork
684 194 has taken a fork
684 194 is eating
684 142 has taken a fork
684 144 has taken a fork
684 144 has taken a fork
684 144 is eating
684 155 is sleeping
684 171 is sleeping
684 138 has taken a fork
684 186 has taken a fork
684 186 has taken a fork
684 186 is eating
684 170 has taken a fork
684 170 has taken a fork
684 170 is eating
684 148 is thinking
685 158 has taken a fork
685 191 is sleeping
685 190 has taken a fork
685 192 has taken a fork
685 192 is eating
685 152 is thinking
685 154 has taken a fork
685 153 is sleeping
685 151 is sleeping
685 150 has taken a fork
685 154 has taken a fork
685 154 is eating
685 198 has taken a fork
685 198 is eating
685 196 has taken a fork
685 196 has taken a fork
685 196 is eating
685 182 has taken a fork
685 182 is eating
689 178 is thinking
689 137 is sleeping
689 141 is sleeping
689 134 is thinking
689 149 is sleeping
689 157 is sleeping
689 161 is sleeping
689 152 has taken a fork
689 152 has taken a fork
689 152 is eating
689 162 has taken a fork
689 162 is eating
689 175 is sleeping
689 148 has taken a fork
689 173 is sleeping
689 172 has taken a fork
689 172 has taken a fork
689 172 is eating
689 156 has taken a fork
689 156 has taken a fork
689 156 is eating
689 138 has taken a fork
689 138 is eating
689 142 has taken a fork
689 142 is eating
689 158 has taken a fork
689 158 is eating
689 136 has taken a fork
689 136 has taken a fork
689 136 is eating
689 150 has taken a fork
689 150 is eating
689 147 is sleeping
689 188 has taken a fork
689 188 has taken a fork
689 188 is eating
689 148 has taken a fork
689 148 is eating
689 174 has taken a fork
689 174 has taken a fork
689 174 is eating
689 146 has taken a fork
689 146 has taken a fork
689 146 is eating
689 189 is sleeping
689 140 has taken a fork
689 140 has taken a fork
689 140 is eating
689 190 has taken a fork
689 160 has taken a fork
689 190 is eating
689 160 has taken a fork
689 160 is eating
689 176 has taken a fork
689 176 is eating
690 134 has taken a fork
690 134 has taken a fork
690 134 is eating
690 178 has taken a fork
690 178 has taken a fork
690 178 is eating
816 19 is thinking
816 21 is thinking
817 18 is sleeping
817 17 is thinking
817 20 is sleeping
818 19 has taken a fork
818 19 has taken a fork
818 19 is eating
818 21 has taken a fork
822 : id : 1 has died
